Sending build context to Docker daemon  30.25kB
Step 1/41 : ARG UBUNTU_VERSION
Step 2/41 : FROM alpine:3.7 as fork
 ---> 3fd9065eaf02
Step 3/41 : ARG REPO_FORK_URL
 ---> Running in 2b89b6fc7c28
Removing intermediate container 2b89b6fc7c28
 ---> 15244610489f
Step 4/41 : RUN apk --no-cache add git
 ---> Running in 79576a844875
fetch http://dl-cdn.alpinelinux.org/alpine/v3.7/main/x86_64/APKINDEX.tar.gz
fetch http://dl-cdn.alpinelinux.org/alpine/v3.7/community/x86_64/APKINDEX.tar.gz
(1/6) Installing ca-certificates (20171114-r0)
(2/6) Installing libssh2 (1.8.0-r2)
(3/6) Installing libcurl (7.61.1-r0)
(4/6) Installing expat (2.2.5-r0)
(5/6) Installing pcre2 (10.30-r0)
(6/6) Installing git (2.15.2-r0)
Executing busybox-1.27.2-r7.trigger
Executing ca-certificates-20171114-r0.trigger
OK: 19 MiB in 17 packages
Removing intermediate container 79576a844875
 ---> 1b597adfde0b
Step 5/41 : RUN echo "[ROBUST] cloning repo: '${REPO_FORK_URL}'"  && git clone "${REPO_FORK_URL}" /tmp/repo-under-test  && echo "[ROBUST] cloned repo."
 ---> Running in 507cd501f444
[ROBUST] cloning repo: 'https://github.com/robust-rosin/kobuki_desktop'
[91mCloning into '/tmp/repo-under-test'...
[0m[ROBUST] cloned repo.
Removing intermediate container 507cd501f444
 ---> ceafcbcf6f34
Step 6/41 : FROM ubuntu:${UBUNTU_VERSION}
 ---> 5b117edd0b76
Step 7/41 : ARG ROS_DISTRO
 ---> Using cache
 ---> 291a315e898e
Step 8/41 : ARG USE_APT_OLD_RELEASES
 ---> Using cache
 ---> 34640682334c
Step 9/41 : ARG CATKIN_PKG
 ---> Using cache
 ---> e6dfe641ed2b
Step 10/41 : ARG REPO_FIX_COMMIT
 ---> Using cache
 ---> e79ba249b09d
Step 11/41 : ARG REPO_BUG_COMMIT
 ---> Using cache
 ---> c964413685a3
Step 12/41 : ARG IS_BUILD_FAILURE
 ---> Using cache
 ---> 16b85331b0b1
Step 13/41 : ENV ROS_DISTRO "${ROS_DISTRO}"
 ---> Using cache
 ---> ef126f6c326b
Step 14/41 : RUN echo "[ROBUST]: building image for ROS_DISTRO: '${ROS_DISTRO}'"
 ---> Using cache
 ---> 3e71f9a20991
Step 15/41 : ENV ROS_WSPACE=/ros_ws
 ---> Using cache
 ---> 24f23f1c6c29
Step 16/41 : ENV DEBIAN_FRONTEND=noninteractive
 ---> Using cache
 ---> da1ab718782b
Step 17/41 : ENV LANG C.UTF-8
 ---> Using cache
 ---> 6e97df9083df
Step 18/41 : ENV LC_ALL C.UTF-8
 ---> Using cache
 ---> dc6eeb7ff946
Step 19/41 : RUN echo "#!/bin/bash \nset -e \nsource \"/opt/ros/\${ROS_DISTRO}/setup.bash\" \nsource \"${ROS_WSPACE}/devel/setup.bash\" \nexec \"\$@\"" > /entrypoint.sh  && chmod +x /entrypoint.sh
 ---> Using cache
 ---> 9f3e1d7e3f19
Step 20/41 : ENTRYPOINT ["/entrypoint.sh"]
 ---> Using cache
 ---> acd679e706c1
Step 21/41 : CMD ["bash"]
 ---> Using cache
 ---> 0f81b06b4baa
Step 22/41 : RUN echo "[ROBUST] use archival sources? '${USE_APT_OLD_RELEASES}'"  && if [ "${USE_APT_OLD_RELEASES}" = "True" ]; then       echo "[ROBUST] using archival sources"       && sed -i -re 's/([a-z]{2}\.)?archive.ubuntu.com|security.ubuntu.com/old-releases.ubuntu.com/g'         /etc/apt/sources.list       && apt-get update       && apt-get dist-upgrade     ; else       echo "[ROBUST] not using archival sources"     ; fi
 ---> Using cache
 ---> 34872e827c53
Step 23/41 : RUN apt-get update  && apt-get install -y --no-install-recommends       build-essential       ca-certificates       git       python-pip       cmake       wget       lsb-release  && pip --version  && pip install --upgrade -i https://pypi.python.org/simple pip==9.0.3
 ---> Using cache
 ---> f0cc849c6c21
Step 24/41 : RUN pip install --upgrade setuptools
 ---> Using cache
 ---> 31a19f14087b
Step 25/41 : RUN pip install --upgrade       wheel       rosdep       wstool       rosinstall       rospkg       catkin_pkg  && apt-get clean  && rm -rf /var/lib/apt/lists/*
 ---> Using cache
 ---> 8779b108ac5c
Step 26/41 : RUN echo "deb http://packages.osrfoundation.org/gazebo/ubuntu-stable `lsb_release -cs` main" > /etc/apt/sources.list.d/gazebo-stable.list  && wget http://packages.osrfoundation.org/gazebo.key -O - | apt-key add -
 ---> Using cache
 ---> 16edfa80b060
Step 27/41 : WORKDIR ${ROS_WSPACE}
 ---> Using cache
 ---> aa9177eca7b7
Step 28/41 : COPY deps.rosinstall .
 ---> a90667832340
Step 29/41 : RUN wstool init -j8 ${ROS_WSPACE}/src ${ROS_WSPACE}/deps.rosinstall
 ---> Running in 57f568ef6fdd
Using initial elements from: /ros_ws/deps.rosinstall
Writing /ros_ws/src/.rosinstall
[bondcpp] Fetching https://github.com/ros-gbp/bond_core-release/archive/release/hydro/bondcpp/1.7.13-0.tar.gz (version bond_core-release-release-hydro-bondcpp-1.7.13-0) to /ros_ws/src/bondcpp
[bondcpp] Done.
[cmake_modules] Fetching https://github.com/ros-gbp/cmake_modules-release/archive/release/hydro/cmake_modules/0.2.1-1.tar.gz (version cmake_modules-release-release-hydro-cmake_modules-0.2.1-1) to /ros_ws/src/cmake_modules
[cmake_modules] Done.
[actionlib_msgs] Fetching https://github.com/ros-gbp/common_msgs-release/archive/release/hydro/actionlib_msgs/1.10.6-0.tar.gz (version common_msgs-release-release-hydro-actionlib_msgs-1.10.6-0) to /ros_ws/src/actionlib_msgs
[actionlib_msgs] Done.
[angles] Fetching https://github.com/ros-gbp/geometry_angles_utils-release/archive/release/hydro/angles/1.9.9-0.tar.gz (version geometry_angles_utils-release-release-hydro-angles-1.9.9-0) to /ros_ws/src/angles
[angles] Done.
[bond] Fetching https://github.com/ros-gbp/bond_core-release/archive/release/hydro/bond/1.7.13-0.tar.gz (version bond_core-release-release-hydro-bond-1.7.13-0) to /ros_ws/src/bond
[bond] Done.
[class_loader] Fetching https://github.com/ros-gbp/class_loader-release/archive/release/hydro/class_loader/0.2.3-0.tar.gz (version class_loader-release-release-hydro-class_loader-0.2.3-0) to /ros_ws/src/class_loader
[class_loader] Done.
[actionlib] Fetching https://github.com/ros-gbp/actionlib-release/archive/release/hydro/actionlib/1.10.3-0.tar.gz (version actionlib-release-release-hydro-actionlib-1.10.3-0) to /ros_ws/src/actionlib
[actionlib] Done.
[catkin] Fetching https://github.com/ros-gbp/catkin-release/archive/release/hydro/catkin/0.5.83-0.tar.gz (version catkin-release-release-hydro-catkin-0.5.83-0) to /ros_ws/src/catkin
[catkin] Done.
[actionlib,actionlib_msgs,angles,bond,bondcpp,catkin,class_loader,cmake_modules] still active
[cpp_common] Fetching https://github.com/ros-gbp/roscpp_core-release/archive/release/hydro/cpp_common/0.4.3-0.tar.gz (version roscpp_core-release-release-hydro-cpp_common-0.4.3-0) to /ros_ws/src/cpp_common
[cpp_common] Done.
[diagnostic_msgs] Fetching https://github.com/ros-gbp/common_msgs-release/archive/release/hydro/diagnostic_msgs/1.10.6-0.tar.gz (version common_msgs-release-release-hydro-diagnostic_msgs-1.10.6-0) to /ros_ws/src/diagnostic_msgs
[diagnostic_msgs] Done.
[console_bridge] Fetching https://github.com/ros-gbp/console_bridge-release/archive/release/hydro/console_bridge/0.2.4-1.tar.gz (version console_bridge-release-release-hydro-console_bridge-0.2.4-1) to /ros_ws/src/console_bridge
[console_bridge] Done.
[cv_bridge] Fetching https://github.com/ros-gbp/vision_opencv-release/archive/release/hydro/cv_bridge/1.10.15-0.tar.gz (version vision_opencv-release-release-hydro-cv_bridge-1.10.15-0) to /ros_ws/src/cv_bridge
[cv_bridge] Done.
[driver_base] Fetching https://github.com/ros-gbp/driver_common-release/archive/release/hydro/driver_base/1.6.7-0.tar.gz (version driver_common-release-release-hydro-driver_base-1.6.7-0) to /ros_ws/src/driver_base
[driver_base] Done.
[gazebo_msgs] Fetching https://github.com/ros-gbp/gazebo_ros_pkgs-release/archive/release/hydro/gazebo_msgs/2.3.4-0.tar.gz (version gazebo_ros_pkgs-release-release-hydro-gazebo_msgs-2.3.4-0) to /ros_ws/src/gazebo_msgs
[gazebo_msgs] Done.
[dynamic_reconfigure] Fetching https://github.com/ros-gbp/dynamic_reconfigure-release/archive/release/hydro/dynamic_reconfigure/1.5.34-0.tar.gz (version dynamic_reconfigure-release-release-hydro-dynamic_reconfigure-1.5.34-0) to /ros_ws/src/dynamic_reconfigure
[dynamic_reconfigure] Done.
[diagnostic_updater] Fetching https://github.com/ros-gbp/diagnostics-release/archive/release/hydro/diagnostic_updater/1.8.0-0.tar.gz (version diagnostics-release-release-hydro-diagnostic_updater-1.8.0-0) to /ros_ws/src/diagnostic_updater
[diagnostic_updater] Done.
[console_bridge,cpp_common,cv_bridge,diagnostic_msgs,diagnostic_updater,driver_base,dynamic_reconfigure,gazebo_msgs] still active
[genlisp] Fetching https://github.com/ros-gbp/genlisp-release/archive/release/hydro/genlisp/0.4.12-0.tar.gz (version genlisp-release-release-hydro-genlisp-0.4.12-0) to /ros_ws/src/genlisp
[genlisp] Done.
[gencpp] Fetching https://github.com/ros-gbp/gencpp-release/archive/release/hydro/gencpp/0.4.17-0.tar.gz (version gencpp-release-release-hydro-gencpp-0.4.17-0) to /ros_ws/src/gencpp
[gencpp] Done.
[geometry_msgs] Fetching https://github.com/ros-gbp/common_msgs-release/archive/release/hydro/geometry_msgs/1.10.6-0.tar.gz (version common_msgs-release-release-hydro-geometry_msgs-1.10.6-0) to /ros_ws/src/geometry_msgs
[geometry_msgs] Done.
[gazebo_ros] Fetching https://github.com/ros-gbp/gazebo_ros_pkgs-release/archive/release/hydro/gazebo_ros/2.3.4-0.tar.gz (version gazebo_ros_pkgs-release-release-hydro-gazebo_ros-2.3.4-0) to /ros_ws/src/gazebo_ros
[gazebo_ros] Done.
[image_transport] Fetching https://github.com/ros-gbp/image_common-release/archive/release/hydro/image_transport/1.11.1-0.tar.gz (version image_common-release-release-hydro-image_transport-1.11.1-0) to /ros_ws/src/image_transport
[image_transport] Done.
[genmsg] Fetching https://github.com/ros-gbp/genmsg-release/archive/release/hydro/genmsg/0.4.25-0.tar.gz (version genmsg-release-release-hydro-genmsg-0.4.25-0) to /ros_ws/src/genmsg
[genmsg] Done.
[genpy] Fetching https://github.com/ros-gbp/genpy-release/archive/release/hydro/genpy/0.4.16-0.tar.gz (version genpy-release-release-hydro-genpy-0.4.16-0) to /ros_ws/src/genpy
[genpy] Done.
[gazebo_plugins,gazebo_ros,gencpp,genlisp,genmsg,genpy,geometry_msgs,image_transport] still active
[gazebo_plugins] still active
[gazebo_plugins] Fetching https://github.com/ros-gbp/gazebo_ros_pkgs-release/archive/release/hydro/gazebo_plugins/2.3.4-0.tar.gz (version gazebo_ros_pkgs-release-release-hydro-gazebo_plugins-2.3.4-0) to /ros_ws/src/gazebo_plugins
[gazebo_plugins] Done.
[message_runtime] Fetching https://github.com/ros-gbp/message_runtime-release/archive/release/hydro/message_runtime/0.4.12-0.tar.gz (version message_runtime-release-release-hydro-message_runtime-0.4.12-0) to /ros_ws/src/message_runtime
[message_runtime] Done.
[message_generation] Fetching https://github.com/ros-gbp/message_generation-release/archive/release/hydro/message_generation/0.2.10-0.tar.gz (version message_generation-release-release-hydro-message_generation-0.2.10-0) to /ros_ws/src/message_generation
[message_generation] Done.
[kobuki_msgs] Fetching https://github.com/yujinrobot-release/kobuki_msgs-release/archive/release/hydro/kobuki_msgs/0.5.0-0.tar.gz (version kobuki_msgs-release-release-hydro-kobuki_msgs-0.5.0-0) to /ros_ws/src/kobuki_msgs
[kobuki_msgs] Done.
[nodelet_topic_tools] Fetching https://github.com/ros-gbp/nodelet_core-release/archive/release/hydro/nodelet_topic_tools/1.8.2-0.tar.gz (version nodelet_core-release-release-hydro-nodelet_topic_tools-1.8.2-0) to /ros_ws/src/nodelet_topic_tools
[nodelet_topic_tools] Done.
[nav_msgs] Fetching https://github.com/ros-gbp/common_msgs-release/archive/release/hydro/nav_msgs/1.10.6-0.tar.gz (version common_msgs-release-release-hydro-nav_msgs-1.10.6-0) to /ros_ws/src/nav_msgs
[nav_msgs] Done.
[nodelet] Fetching https://github.com/ros-gbp/nodelet_core-release/archive/release/hydro/nodelet/1.8.2-0.tar.gz (version nodelet_core-release-release-hydro-nodelet-1.8.2-0) to /ros_ws/src/nodelet
[nodelet] Done.
[message_filters] Fetching https://github.com/ros-gbp/ros_comm-release/archive/release/hydro/message_filters/1.10.1-0.tar.gz (version ros_comm-release-release-hydro-message_filters-1.10.1-0) to /ros_ws/src/message_filters
[message_filters] Done.
[gazebo_plugins,kobuki_msgs,message_filters,message_generation,message_runtime,nav_msgs,nodelet,nodelet_topic_tools] still active
[pcl_conversions] Fetching https://github.com/ros-gbp/pcl_conversions-release/archive/release/hydro/pcl_conversions/0.1.5-0.tar.gz (version pcl_conversions-release-release-hydro-pcl_conversions-0.1.5-0) to /ros_ws/src/pcl_conversions
[pcl_conversions] Done.
[polled_camera] Fetching https://github.com/ros-gbp/image_common-release/archive/release/hydro/polled_camera/1.11.1-0.tar.gz (version image_common-release-release-hydro-polled_camera-1.11.1-0) to /ros_ws/src/polled_camera
[polled_camera] Done.
[rosbag_migration_rule] Fetching https://github.com/ros-gbp/rosbag_migration_rule-release/archive/release/hydro/rosbag_migration_rule/1.0.0-0.tar.gz (version rosbag_migration_rule-release-release-hydro-rosbag_migration_rule-1.0.0-0) to /ros_ws/src/rosbag_migration_rule
[rosbag_migration_rule] Done.
[pcl_msgs] Fetching https://github.com/ros-gbp/pcl_msgs-release/archive/release/hydro/pcl_msgs/0.1.0-0.tar.gz (version pcl_msgs-release-release-hydro-pcl_msgs-0.1.0-0) to /ros_ws/src/pcl_msgs
[pcl_msgs] Done.
[pluginlib] Fetching https://github.com/ros-gbp/pluginlib-release/archive/release/hydro/pluginlib/1.9.23-0.tar.gz (version pluginlib-release-release-hydro-pluginlib-1.9.23-0) to /ros_ws/src/pluginlib
[pluginlib] Done.
[pcl_ros] Fetching https://github.com/ros-gbp/perception_pcl-release/archive/release/hydro/pcl_ros/1.1.7-0.tar.gz (version perception_pcl-release-release-hydro-pcl_ros-1.1.7-0) to /ros_ws/src/pcl_ros
[pcl_ros] Done.
[rosbag] Fetching https://github.com/ros-gbp/ros_comm-release/archive/release/hydro/rosbag/1.10.1-0.tar.gz (version ros_comm-release-release-hydro-rosbag-1.10.1-0) to /ros_ws/src/rosbag
[rosbag] Done.
[opencv2,pcl_conversions,pcl_msgs,pcl_ros,pluginlib,polled_camera,rosbag,rosbag_migration_rule] still active
[opencv2] still active
[rosconsole_bridge] Fetching https://github.com/ros-gbp/rosconsole_bridge-release/archive/release/hydro/rosconsole_bridge/0.3.3-0.tar.gz (version rosconsole_bridge-release-release-hydro-rosconsole_bridge-0.3.3-0) to /ros_ws/src/rosconsole_bridge
[rosconsole_bridge] Done.
[roscpp_serialization] Fetching https://github.com/ros-gbp/roscpp_core-release/archive/release/hydro/roscpp_serialization/0.4.3-0.tar.gz (version roscpp_core-release-release-hydro-roscpp_serialization-0.4.3-0) to /ros_ws/src/roscpp_serialization
[roscpp_serialization] Done.
[rosclean] Fetching https://github.com/ros-gbp/ros-release/archive/release/hydro/rosclean/1.10.9-0.tar.gz (version ros-release-release-hydro-rosclean-1.10.9-0) to /ros_ws/src/rosclean
[rosclean] Done.
[rosbuild] Fetching https://github.com/ros-gbp/ros-release/archive/release/hydro/rosbuild/1.10.9-0.tar.gz (version ros-release-release-hydro-rosbuild-1.10.9-0) to /ros_ws/src/rosbuild
[rosbuild] Done.
[rosconsole] Fetching https://github.com/ros-gbp/ros_comm-release/archive/release/hydro/rosconsole/1.10.1-0.tar.gz (version ros_comm-release-release-hydro-rosconsole-1.10.1-0) to /ros_ws/src/rosconsole
[rosconsole] Done.
[rosbag_storage] Fetching https://github.com/ros-gbp/ros_comm-release/archive/release/hydro/rosbag_storage/1.10.1-0.tar.gz (version ros_comm-release-release-hydro-rosbag_storage-1.10.1-0) to /ros_ws/src/rosbag_storage
[rosbag_storage] Done.
[roscpp] Fetching https://github.com/ros-gbp/ros_comm-release/archive/release/hydro/roscpp/1.10.1-0.tar.gz (version ros_comm-release-release-hydro-roscpp-1.10.1-0) to /ros_ws/src/roscpp
[roscpp] Done.
[opencv2,rosbag_storage,rosbuild,rosclean,rosconsole,rosconsole_bridge,roscpp,roscpp_serialization] still active
[opencv2] still active
[roscpp_traits] Fetching https://github.com/ros-gbp/roscpp_core-release/archive/release/hydro/roscpp_traits/0.4.3-0.tar.gz (version roscpp_core-release-release-hydro-roscpp_traits-0.4.3-0) to /ros_ws/src/roscpp_traits
[roscpp_traits] Done.
[roslang] Fetching https://github.com/ros-gbp/ros-release/archive/release/hydro/roslang/1.10.9-0.tar.gz (version ros-release-release-hydro-roslang-1.10.9-0) to /ros_ws/src/roslang
[roslang] Done.
[roslib] Fetching https://github.com/ros-gbp/ros-release/archive/release/hydro/roslib/1.10.9-0.tar.gz (version ros-release-release-hydro-roslib-1.10.9-0) to /ros_ws/src/roslib
[roslib] Done.
[rosgraph] Fetching https://github.com/ros-gbp/ros_comm-release/archive/release/hydro/rosgraph/1.10.1-0.tar.gz (version ros_comm-release-release-hydro-rosgraph-1.10.1-0) to /ros_ws/src/rosgraph
[rosgraph] Done.
[rosmaster] Fetching https://github.com/ros-gbp/ros_comm-release/archive/release/hydro/rosmaster/1.10.1-0.tar.gz (version ros_comm-release-release-hydro-rosmaster-1.10.1-0) to /ros_ws/src/rosmaster
[rosmaster] Done.
[rosgraph_msgs] Fetching https://github.com/ros-gbp/ros_comm-release/archive/release/hydro/rosgraph_msgs/1.10.1-0.tar.gz (version ros_comm-release-release-hydro-rosgraph_msgs-1.10.1-0) to /ros_ws/src/rosgraph_msgs
[rosgraph_msgs] Done.
[roslaunch] Fetching https://github.com/ros-gbp/ros_comm-release/archive/release/hydro/roslaunch/1.10.1-0.tar.gz (version ros_comm-release-release-hydro-roslaunch-1.10.1-0) to /ros_ws/src/roslaunch
[roslaunch] Done.
[opencv2,roscpp_traits,rosgraph,rosgraph_msgs,roslang,roslaunch,roslib,rosmaster] still active
[opencv2] still active
[rosout] Fetching https://github.com/ros-gbp/ros_comm-release/archive/release/hydro/rosout/1.10.1-0.tar.gz (version ros_comm-release-release-hydro-rosout-1.10.1-0) to /ros_ws/src/rosout
[rosout] Done.
[rosparam] Fetching https://github.com/ros-gbp/ros_comm-release/archive/release/hydro/rosparam/1.10.1-0.tar.gz (version ros_comm-release-release-hydro-rosparam-1.10.1-0) to /ros_ws/src/rosparam
[rosparam] Done.
[rosnode] Fetching https://github.com/ros-gbp/ros_comm-release/archive/release/hydro/rosnode/1.10.1-0.tar.gz (version ros_comm-release-release-hydro-rosnode-1.10.1-0) to /ros_ws/src/rosnode
[rosnode] Done.
[rosmsg] Fetching https://github.com/ros-gbp/ros_comm-release/archive/release/hydro/rosmsg/1.10.1-0.tar.gz (version ros_comm-release-release-hydro-rosmsg-1.10.1-0) to /ros_ws/src/rosmsg
[rosmsg] Done.
[rospy] Fetching https://github.com/ros-gbp/ros_comm-release/archive/release/hydro/rospy/1.10.1-0.tar.gz (version ros_comm-release-release-hydro-rospy-1.10.1-0) to /ros_ws/src/rospy
[rospy] Done.
[rosservice] Fetching https://github.com/ros-gbp/ros_comm-release/archive/release/hydro/rosservice/1.10.1-0.tar.gz (version ros_comm-release-release-hydro-rosservice-1.10.1-0) to /ros_ws/src/rosservice
[rosservice] Done.
[rospack] Fetching https://github.com/ros-gbp/rospack-release/archive/release/hydro/rospack/2.1.23-0.tar.gz (version rospack-release-release-hydro-rospack-2.1.23-0) to /ros_ws/src/rospack
[rospack] Done.
[opencv2,rosmsg,rosnode,rosout,rospack,rosparam,rospy,rosservice] still active
[opencv2] still active
[self_test] Fetching https://github.com/ros-gbp/diagnostics-release/archive/release/hydro/self_test/1.8.0-0.tar.gz (version diagnostics-release-release-hydro-self_test-1.8.0-0) to /ros_ws/src/self_test
[self_test] Done.
[rostime] Fetching https://github.com/ros-gbp/roscpp_core-release/archive/release/hydro/rostime/0.4.3-0.tar.gz (version roscpp_core-release-release-hydro-rostime-0.4.3-0) to /ros_ws/src/rostime
[rostime] Done.
[rosunit] Fetching https://github.com/ros-gbp/ros-release/archive/release/hydro/rosunit/1.10.9-0.tar.gz (version ros-release-release-hydro-rosunit-1.10.9-0) to /ros_ws/src/rosunit
[rosunit] Done.
[rostopic] Fetching https://github.com/ros-gbp/ros_comm-release/archive/release/hydro/rostopic/1.10.1-0.tar.gz (version ros_comm-release-release-hydro-rostopic-1.10.1-0) to /ros_ws/src/rostopic
[rostopic] Done.
[sensor_msgs] Fetching https://github.com/ros-gbp/common_msgs-release/archive/release/hydro/sensor_msgs/1.10.6-0.tar.gz (version common_msgs-release-release-hydro-sensor_msgs-1.10.6-0) to /ros_ws/src/sensor_msgs
[sensor_msgs] Done.
[roswtf] Fetching https://github.com/ros-gbp/ros_comm-release/archive/release/hydro/roswtf/1.10.1-0.tar.gz (version ros_comm-release-release-hydro-roswtf-1.10.1-0) to /ros_ws/src/roswtf
[roswtf] Done.
[rostest] Fetching https://github.com/ros-gbp/ros_comm-release/archive/release/hydro/rostest/1.10.1-0.tar.gz (version ros_comm-release-release-hydro-rostest-1.10.1-0) to /ros_ws/src/rostest
[rostest] Done.
[opencv2,rostest,rostime,rostopic,rosunit,roswtf,self_test,sensor_msgs] still active
[opencv2] still active
[smclib] Fetching https://github.com/ros-gbp/bond_core-release/archive/release/hydro/smclib/1.7.13-0.tar.gz (version bond_core-release-release-hydro-smclib-1.7.13-0) to /ros_ws/src/smclib
[smclib] Done.
[std_msgs] Fetching https://github.com/ros-gbp/std_msgs-release/archive/release/hydro/std_msgs/0.5.8-0.tar.gz (version std_msgs-release-release-hydro-std_msgs-0.5.8-0) to /ros_ws/src/std_msgs
[std_msgs] Done.
[tf2_py] Fetching https://github.com/ros-gbp/geometry2-release/archive/release/hydro/tf2_py/0.4.10-0.tar.gz (version geometry2-release-release-hydro-tf2_py-0.4.10-0) to /ros_ws/src/tf2_py
[tf2_py] Done.
[tf2_msgs] Fetching https://github.com/ros-gbp/geometry2-release/archive/release/hydro/tf2_msgs/0.4.10-0.tar.gz (version geometry2-release-release-hydro-tf2_msgs-0.4.10-0) to /ros_ws/src/tf2_msgs
[tf2_msgs] Done.
[std_srvs] Fetching https://github.com/ros-gbp/ros_comm-release/archive/release/hydro/std_srvs/1.10.1-0.tar.gz (version ros_comm-release-release-hydro-std_srvs-1.10.1-0) to /ros_ws/src/std_srvs
[std_srvs] Done.
[tf2] Fetching https://github.com/ros-gbp/geometry2-release/archive/release/hydro/tf2/0.4.10-0.tar.gz (version geometry2-release-release-hydro-tf2-0.4.10-0) to /ros_ws/src/tf2
[tf2] Done.
[tf] Fetching https://github.com/ros-gbp/geometry-release/archive/release/hydro/tf/1.10.8-0.tar.gz (version geometry-release-release-hydro-tf-1.10.8-0) to /ros_ws/src/tf
[tf] Done.
[opencv2,smclib,std_msgs,std_srvs,tf,tf2,tf2_msgs,tf2_py] still active
[opencv2] still active
[urdfdom_headers] Fetching https://github.com/ros-gbp/urdfdom_headers-release/archive/release/hydro/urdfdom_headers/0.2.3-1.tar.gz (version urdfdom_headers-release-release-hydro-urdfdom_headers-0.2.3-1) to /ros_ws/src/urdfdom_headers
[urdfdom_headers] Done.
[trajectory_msgs] Fetching https://github.com/ros-gbp/common_msgs-release/archive/release/hydro/trajectory_msgs/1.10.6-0.tar.gz (version common_msgs-release-release-hydro-trajectory_msgs-1.10.6-0) to /ros_ws/src/trajectory_msgs
[trajectory_msgs] Done.
[urdf_parser_plugin] Fetching https://github.com/ros-gbp/robot_model-release/archive/release/hydro/urdf_parser_plugin/1.10.18-1.tar.gz (version robot_model-release-release-hydro-urdf_parser_plugin-1.10.18-1) to /ros_ws/src/urdf_parser_plugin
[urdf_parser_plugin] Done.
[tf2_ros] Fetching https://github.com/ros-gbp/geometry2-release/archive/release/hydro/tf2_ros/0.4.10-0.tar.gz (version geometry2-release-release-hydro-tf2_ros-0.4.10-0) to /ros_ws/src/tf2_ros
[tf2_ros] Done.
[urdf] Fetching https://github.com/ros-gbp/robot_model-release/archive/release/hydro/urdf/1.10.18-1.tar.gz (version robot_model-release-release-hydro-urdf-1.10.18-1) to /ros_ws/src/urdf
[urdf] Done.
[urdfdom] Fetching https://github.com/ros-gbp/urdfdom-release/archive/release/hydro/urdfdom/0.2.10-3.tar.gz (version urdfdom-release-release-hydro-urdfdom-0.2.10-3) to /ros_ws/src/urdfdom
[urdfdom] Done.
[topic_tools] Fetching https://github.com/ros-gbp/ros_comm-release/archive/release/hydro/topic_tools/1.10.1-0.tar.gz (version ros_comm-release-release-hydro-topic_tools-1.10.1-0) to /ros_ws/src/topic_tools
[topic_tools] Done.
[opencv2,tf2_ros,topic_tools,trajectory_msgs,urdf,urdf_parser_plugin,urdfdom,urdfdom_headers] still active
[opencv2] still active
[xmlrpcpp] Fetching https://github.com/ros-gbp/ros_comm-release/archive/release/hydro/xmlrpcpp/1.10.1-0.tar.gz (version ros_comm-release-release-hydro-xmlrpcpp-1.10.1-0) to /ros_ws/src/xmlrpcpp
[xmlrpcpp] Done.
[opencv2] Fetching https://github.com/ros-gbp/opencv2-release/archive/release/hydro/opencv2/2.4.6-3.tar.gz (version opencv2-release-release-hydro-opencv2-2.4.6-3) to /ros_ws/src/opencv2
[opencv2] Done.
[opencv2,xmlrpcpp] still active
[opencv2,xmlrpcpp] still active
[opencv2] still active
[opencv2] still active
[opencv2] still active
[opencv2] still active
[opencv2] still active
[opencv2] still active
[opencv2] still active
[opencv2] still active
[opencv2] still active
[opencv2] still active
[opencv2] still active
[opencv2] still active
[opencv2] still active
[opencv2] still active
[opencv2] still active
[opencv2] still active
[opencv2] still active
[opencv2] still active
[opencv2] still active
[opencv2] still active
[opencv2] still active
[opencv2] still active
[opencv2] still active
[opencv2] still active
[opencv2] still active
[opencv2] still active
[opencv2] still active
[opencv2] still active

update complete.
Removing intermediate container 57f568ef6fdd
 ---> 2c8d14a76b5b
Step 30/41 : RUN apt-get clean  && apt-get update  && rosdep init  && rosdep update  && rosdep install --from-paths src -i --rosdistro=${ROS_DISTRO} -y       --skip-keys="python-rosdep python-catkin-pkg python-rospkg"  && apt-get clean  && rm -rf /var/lib/apt/lists/*
 ---> Running in 241c9c19df29
Get:1 http://archive.ubuntu.com precise Release.gpg [198 B]
Get:2 http://archive.ubuntu.com precise-updates Release.gpg [198 B]
Get:3 http://archive.ubuntu.com precise-security Release.gpg [181 B]
Get:4 http://archive.ubuntu.com precise Release [49.6 kB]
Get:5 http://packages.osrfoundation.org precise Release.gpg [490 B]
Get:6 http://packages.osrfoundation.org precise Release [2265 B]
Get:7 http://archive.ubuntu.com precise-updates Release [55.4 kB]
Get:8 http://archive.ubuntu.com precise-security Release [55.5 kB]
Get:9 http://packages.osrfoundation.org precise/main amd64 Packages [27.0 kB]
Get:10 http://archive.ubuntu.com precise/main Sources [1175 kB]
Get:11 http://packages.osrfoundation.org precise/main i386 Packages [22.6 kB]
Get:12 http://archive.ubuntu.com precise/restricted Sources [5306 B]
Get:13 http://archive.ubuntu.com precise/universe Sources [6239 kB]
Get:14 http://archive.ubuntu.com precise/main amd64 Packages [1640 kB]
Get:15 http://archive.ubuntu.com precise/restricted amd64 Packages [9098 B]
Get:16 http://archive.ubuntu.com precise/universe amd64 Packages [6167 kB]
Get:17 http://archive.ubuntu.com precise/main i386 Packages [1641 kB]
Get:18 http://archive.ubuntu.com precise/restricted i386 Packages [9108 B]
Get:19 http://archive.ubuntu.com precise/universe i386 Packages [6180 kB]
Get:20 http://archive.ubuntu.com precise-updates/main Sources [618 kB]
Get:21 http://archive.ubuntu.com precise-updates/restricted Sources [9232 B]
Get:22 http://archive.ubuntu.com precise-updates/universe Sources [169 kB]
Get:23 http://archive.ubuntu.com precise-updates/main amd64 Packages [960 kB]
Get:24 http://archive.ubuntu.com precise-updates/restricted amd64 Packages [19.6 kB]
Get:25 http://archive.ubuntu.com precise-updates/universe amd64 Packages [372 kB]
Get:26 http://archive.ubuntu.com precise-updates/main i386 Packages [964 kB]
Get:27 http://archive.ubuntu.com precise-updates/restricted i386 Packages [19.5 kB]
Get:28 http://archive.ubuntu.com precise-updates/universe i386 Packages [382 kB]
Get:29 http://archive.ubuntu.com precise-security/main Sources [190 kB]
Get:30 http://archive.ubuntu.com precise-security/restricted Sources [4579 B]
Get:31 http://archive.ubuntu.com precise-security/universe Sources [68.4 kB]
Get:32 http://archive.ubuntu.com precise-security/main amd64 Packages [481 kB]
Get:33 http://archive.ubuntu.com precise-security/restricted amd64 Packages [13.8 kB]
Get:34 http://archive.ubuntu.com precise-security/universe amd64 Packages [187 kB]
Get:35 http://archive.ubuntu.com precise-security/main i386 Packages [483 kB]
Get:36 http://archive.ubuntu.com precise-security/restricted i386 Packages [13.8 kB]
Get:37 http://archive.ubuntu.com precise-security/universe i386 Packages [197 kB]
Fetched 28.4 MB in 58s (484 kB/s)
Reading package lists...
Wrote /etc/ros/rosdep/sources.list.d/20-default.list
Recommended: please run

	rosdep update

[91mWarning: running 'rosdep update' as root is not recommended.[0m[91m
[0m[91m  You should run 'sudo rosdep fix-permissions' and invoke 'rosdep update' again without sudo.[0m[91m
[0mreading in sources list data from /etc/ros/rosdep/sources.list.d
Hit https://raw.githubusercontent.com/ros/rosdistro/master/rosdep/osx-homebrew.yaml
Hit https://raw.githubusercontent.com/ros/rosdistro/master/rosdep/base.yaml
Hit https://raw.githubusercontent.com/ros/rosdistro/master/rosdep/python.yaml
Hit https://raw.githubusercontent.com/ros/rosdistro/master/rosdep/ruby.yaml
Hit https://raw.githubusercontent.com/ros/rosdistro/master/releases/fuerte.yaml
Query rosdistro index https://raw.githubusercontent.com/ros/rosdistro/master/index.yaml
Add distro "groovy"
Add distro "hydro"
Add distro "indigo"
Add distro "jade"
Add distro "kinetic"
Add distro "lunar"
Add distro "melodic"
updated cache in /root/.ros/rosdep/sources.cache
Reading package lists...
Building dependency tree...
Reading state information...
Suggested packages:
  libeigen3-doc
The following NEW packages will be installed:
  libeigen3-dev
0 upgraded, 1 newly installed, 0 to remove and 0 not upgraded.
Need to get 510 kB of archives.
After this operation, 3035 kB of additional disk space will be used.
Get:1 http://archive.ubuntu.com/ubuntu/ precise/universe libeigen3-dev amd64 3.0.5-1 [510 kB]
[91mdebconf: delaying package configuration, since apt-utils is not installed
[0mFetched 510 kB in 0s (792 kB/s)
Selecting previously unselected package libeigen3-dev.
(Reading database ... 14454 files and directories currently installed.)
Unpacking libeigen3-dev (from .../libeigen3-dev_3.0.5-1_amd64.deb) ...
Setting up libeigen3-dev (3.0.5-1) ...
Reading package lists...
Building dependency tree...
Reading state information...
The following extra packages will be installed:
  libapr1 uuid-dev
The following NEW packages will be installed:
  libapr1 libapr1-dev uuid-dev
0 upgraded, 3 newly installed, 0 to remove and 0 not upgraded.
Need to get 1140 kB of archives.
After this operation, 7014 kB of additional disk space will be used.
Get:1 http://archive.ubuntu.com/ubuntu/ precise/main libapr1 amd64 1.4.6-1 [89.6 kB]
Get:2 http://archive.ubuntu.com/ubuntu/ precise-updates/main uuid-dev amd64 2.20.1-1ubuntu3.1 [25.6 kB]
Get:3 http://archive.ubuntu.com/ubuntu/ precise/main libapr1-dev amd64 1.4.6-1 [1025 kB]
[91mdebconf: delaying package configuration, since apt-utils is not installed
[0mFetched 1140 kB in 1s (1013 kB/s)
Selecting previously unselected package libapr1.
(Reading database ... 14778 files and directories currently installed.)
Unpacking libapr1 (from .../libapr1_1.4.6-1_amd64.deb) ...
Selecting previously unselected package uuid-dev.
Unpacking uuid-dev (from .../uuid-dev_2.20.1-1ubuntu3.1_amd64.deb) ...
Selecting previously unselected package libapr1-dev.
Unpacking libapr1-dev (from .../libapr1-dev_1.4.6-1_amd64.deb) ...
Setting up libapr1 (1.4.6-1) ...
Setting up uuid-dev (2.20.1-1ubuntu3.1) ...
Setting up libapr1-dev (1.4.6-1) ...
Processing triggers for libc-bin ...
ldconfig deferred processing now taking place
Reading package lists...
Building dependency tree...
Reading state information...
The following extra packages will be installed:
  comerr-dev krb5-multidev libaprutil1 libexpat1-dev libgssrpc4
  libkadm5clnt-mit8 libkadm5srv-mit8 libkdb5-6 libkrb5-dev libldap2-dev
  libmysqlclient-dev libmysqlclient18 libpcre3-dev libpcrecpp0 libpq-dev
  libpq5 libsqlite3-dev libssl-dev libssl-doc mysql-common zlib1g-dev
Suggested packages:
  doc-base krb5-doc krb5-user postgresql-doc-9.1 sqlite3-doc
The following NEW packages will be installed:
  comerr-dev krb5-multidev libaprutil1 libaprutil1-dev libexpat1-dev
  libgssrpc4 libkadm5clnt-mit8 libkadm5srv-mit8 libkdb5-6 libkrb5-dev
  libldap2-dev libmysqlclient-dev libmysqlclient18 libpcre3-dev libpcrecpp0
  libpq-dev libpq5 libsqlite3-dev libssl-dev libssl-doc mysql-common
  zlib1g-dev
0 upgraded, 22 newly installed, 0 to remove and 0 not upgraded.
Need to get 7891 kB of archives.
After this operation, 29.5 MB of additional disk space will be used.
Get:1 http://archive.ubuntu.com/ubuntu/ precise-updates/main libgssrpc4 amd64 1.10+dfsg~beta1-2ubuntu0.7 [57.5 kB]
Get:2 http://archive.ubuntu.com/ubuntu/ precise-updates/main libkadm5clnt-mit8 amd64 1.10+dfsg~beta1-2ubuntu0.7 [38.7 kB]
Get:3 http://archive.ubuntu.com/ubuntu/ precise-updates/main libkdb5-6 amd64 1.10+dfsg~beta1-2ubuntu0.7 [37.4 kB]
Get:4 http://archive.ubuntu.com/ubuntu/ precise-updates/main libkadm5srv-mit8 amd64 1.10+dfsg~beta1-2ubuntu0.7 [54.5 kB]
Get:5 http://archive.ubuntu.com/ubuntu/ precise-updates/main mysql-common all 5.5.54-0ubuntu0.12.04.1 [12.7 kB]
Get:6 http://archive.ubuntu.com/ubuntu/ precise-updates/main libmysqlclient18 amd64 5.5.54-0ubuntu0.12.04.1 [951 kB]
Get:7 http://archive.ubuntu.com/ubuntu/ precise-updates/main libpcrecpp0 amd64 8.12-4ubuntu0.2 [16.2 kB]
Get:8 http://archive.ubuntu.com/ubuntu/ precise-updates/main comerr-dev amd64 2.1-1.42-1ubuntu2.3 [43.6 kB]
Get:9 http://archive.ubuntu.com/ubuntu/ precise-updates/main krb5-multidev amd64 1.10+dfsg~beta1-2ubuntu0.7 [125 kB]
Get:10 http://archive.ubuntu.com/ubuntu/ precise/main libaprutil1 amd64 1.3.12+dfsg-3 [74.6 kB]
Get:11 http://archive.ubuntu.com/ubuntu/ precise-updates/main libldap2-dev amd64 2.4.28-1.1ubuntu4.6 [496 kB]
Get:12 http://archive.ubuntu.com/ubuntu/ precise-updates/main libexpat1-dev amd64 2.0.1-7.2ubuntu1.4 [216 kB]
Get:13 http://archive.ubuntu.com/ubuntu/ precise-updates/main libpcre3-dev amd64 8.12-4ubuntu0.2 [231 kB]
Get:14 http://archive.ubuntu.com/ubuntu/ precise-updates/main libsqlite3-dev amd64 3.7.9-2ubuntu1.2 [459 kB]
Get:15 http://archive.ubuntu.com/ubuntu/ precise-updates/main libpq5 amd64 9.1.24-0ubuntu0.12.04 [88.4 kB]
Get:16 http://archive.ubuntu.com/ubuntu/ precise/main zlib1g-dev amd64 1:1.2.3.4.dfsg-3ubuntu4 [165 kB]
Get:17 http://archive.ubuntu.com/ubuntu/ precise-updates/main libssl-dev amd64 1.0.1-4ubuntu5.39 [1580 kB]
Get:18 http://archive.ubuntu.com/ubuntu/ precise-updates/main libkrb5-dev amd64 1.10+dfsg~beta1-2ubuntu0.7 [11.0 kB]
Get:19 http://archive.ubuntu.com/ubuntu/ precise-updates/main libpq-dev amd64 9.1.24-0ubuntu0.12.04 [217 kB]
Get:20 http://archive.ubuntu.com/ubuntu/ precise-updates/main libmysqlclient-dev amd64 5.5.54-0ubuntu0.12.04.1 [1404 kB]
Get:21 http://archive.ubuntu.com/ubuntu/ precise/main libaprutil1-dev amd64 1.3.12+dfsg-3 [568 kB]
Get:22 http://archive.ubuntu.com/ubuntu/ precise-updates/main libssl-doc all 1.0.1-4ubuntu5.39 [1044 kB]
[91mdebconf: delaying package configuration, since apt-utils is not installed
[0mFetched 7891 kB in 2s (3633 kB/s)
Selecting previously unselected package libgssrpc4.
(Reading database ... 15157 files and directories currently installed.)
Unpacking libgssrpc4 (from .../libgssrpc4_1.10+dfsg~beta1-2ubuntu0.7_amd64.deb) ...
Selecting previously unselected package libkadm5clnt-mit8.
Unpacking libkadm5clnt-mit8 (from .../libkadm5clnt-mit8_1.10+dfsg~beta1-2ubuntu0.7_amd64.deb) ...
Selecting previously unselected package libkdb5-6.
Unpacking libkdb5-6 (from .../libkdb5-6_1.10+dfsg~beta1-2ubuntu0.7_amd64.deb) ...
Selecting previously unselected package libkadm5srv-mit8.
Unpacking libkadm5srv-mit8 (from .../libkadm5srv-mit8_1.10+dfsg~beta1-2ubuntu0.7_amd64.deb) ...
Selecting previously unselected package mysql-common.
Unpacking mysql-common (from .../mysql-common_5.5.54-0ubuntu0.12.04.1_all.deb) ...
Selecting previously unselected package libmysqlclient18.
Unpacking libmysqlclient18 (from .../libmysqlclient18_5.5.54-0ubuntu0.12.04.1_amd64.deb) ...
Selecting previously unselected package libpcrecpp0.
Unpacking libpcrecpp0 (from .../libpcrecpp0_8.12-4ubuntu0.2_amd64.deb) ...
Selecting previously unselected package comerr-dev.
Unpacking comerr-dev (from .../comerr-dev_2.1-1.42-1ubuntu2.3_amd64.deb) ...
Selecting previously unselected package krb5-multidev.
Unpacking krb5-multidev (from .../krb5-multidev_1.10+dfsg~beta1-2ubuntu0.7_amd64.deb) ...
Selecting previously unselected package libaprutil1.
Unpacking libaprutil1 (from .../libaprutil1_1.3.12+dfsg-3_amd64.deb) ...
Selecting previously unselected package libldap2-dev.
Unpacking libldap2-dev (from .../libldap2-dev_2.4.28-1.1ubuntu4.6_amd64.deb) ...
Selecting previously unselected package libexpat1-dev.
Unpacking libexpat1-dev (from .../libexpat1-dev_2.0.1-7.2ubuntu1.4_amd64.deb) ...
Selecting previously unselected package libpcre3-dev.
Unpacking libpcre3-dev (from .../libpcre3-dev_8.12-4ubuntu0.2_amd64.deb) ...
Selecting previously unselected package libsqlite3-dev.
Unpacking libsqlite3-dev (from .../libsqlite3-dev_3.7.9-2ubuntu1.2_amd64.deb) ...
Selecting previously unselected package libpq5.
Unpacking libpq5 (from .../libpq5_9.1.24-0ubuntu0.12.04_amd64.deb) ...
Selecting previously unselected package zlib1g-dev.
Unpacking zlib1g-dev (from .../zlib1g-dev_1%3a1.2.3.4.dfsg-3ubuntu4_amd64.deb) ...
Selecting previously unselected package libssl-dev.
Unpacking libssl-dev (from .../libssl-dev_1.0.1-4ubuntu5.39_amd64.deb) ...
Selecting previously unselected package libkrb5-dev.
Unpacking libkrb5-dev (from .../libkrb5-dev_1.10+dfsg~beta1-2ubuntu0.7_amd64.deb) ...
Selecting previously unselected package libpq-dev.
Unpacking libpq-dev (from .../libpq-dev_9.1.24-0ubuntu0.12.04_amd64.deb) ...
Selecting previously unselected package libmysqlclient-dev.
Unpacking libmysqlclient-dev (from .../libmysqlclient-dev_5.5.54-0ubuntu0.12.04.1_amd64.deb) ...
Selecting previously unselected package libaprutil1-dev.
Unpacking libaprutil1-dev (from .../libaprutil1-dev_1.3.12+dfsg-3_amd64.deb) ...
Selecting previously unselected package libssl-doc.
Unpacking libssl-doc (from .../libssl-doc_1.0.1-4ubuntu5.39_all.deb) ...
Setting up libgssrpc4 (1.10+dfsg~beta1-2ubuntu0.7) ...
Setting up libkadm5clnt-mit8 (1.10+dfsg~beta1-2ubuntu0.7) ...
Setting up libkdb5-6 (1.10+dfsg~beta1-2ubuntu0.7) ...
Setting up libkadm5srv-mit8 (1.10+dfsg~beta1-2ubuntu0.7) ...
Setting up mysql-common (5.5.54-0ubuntu0.12.04.1) ...
Setting up libmysqlclient18 (5.5.54-0ubuntu0.12.04.1) ...
Setting up libpcrecpp0 (8.12-4ubuntu0.2) ...
Setting up comerr-dev (2.1-1.42-1ubuntu2.3) ...
Setting up krb5-multidev (1.10+dfsg~beta1-2ubuntu0.7) ...
Setting up libaprutil1 (1.3.12+dfsg-3) ...
Setting up libldap2-dev (2.4.28-1.1ubuntu4.6) ...
Setting up libexpat1-dev (2.0.1-7.2ubuntu1.4) ...
Setting up libpcre3-dev (8.12-4ubuntu0.2) ...
Setting up libsqlite3-dev (3.7.9-2ubuntu1.2) ...
Setting up libpq5 (9.1.24-0ubuntu0.12.04) ...
Setting up zlib1g-dev (1:1.2.3.4.dfsg-3ubuntu4) ...
Setting up libssl-dev (1.0.1-4ubuntu5.39) ...
Setting up libkrb5-dev (1.10+dfsg~beta1-2ubuntu0.7) ...
Setting up libpq-dev (9.1.24-0ubuntu0.12.04) ...
Setting up libmysqlclient-dev (5.5.54-0ubuntu0.12.04.1) ...
Setting up libaprutil1-dev (1.3.12+dfsg-3) ...
Setting up libssl-doc (1.0.1-4ubuntu5.39) ...
Processing triggers for libc-bin ...
ldconfig deferred processing now taking place
Reading package lists...
Building dependency tree...
Reading state information...
The following extra packages will be installed:
  fontconfig fontconfig-config fonts-liberation libcairo2 libcdt4 libcgraph5
  libdatrie1 libfontconfig1 libfreetype6 libgd2-noxpm libgraph4 libgvc5
  libgvpr1 libice6 libjpeg-turbo8 libjpeg8 libpango1.0-0 libpathplan4
  libpixman-1-0 libsm6 libthai-data libthai0 libx11-6 libx11-data libxau6
  libxaw7 libxcb-render0 libxcb-shm0 libxcb1 libxdmcp6 libxext6 libxft2
  libxmu6 libxpm4 libxrender1 libxt6 ttf-dejavu-core ttf-liberation ucf
  x11-common
Suggested packages:
  gsfonts graphviz-doc libgd-tools ttf-baekmuk ttf-arphic-gbsn00lp
  ttf-arphic-bsmi00lp ttf-arphic-gkai00mp ttf-arphic-bkai00mp
The following NEW packages will be installed:
  fontconfig fontconfig-config fonts-liberation graphviz libcairo2 libcdt4
  libcgraph5 libdatrie1 libfontconfig1 libfreetype6 libgd2-noxpm libgraph4
  libgvc5 libgvpr1 libice6 libjpeg-turbo8 libjpeg8 libpango1.0-0 libpathplan4
  libpixman-1-0 libsm6 libthai-data libthai0 libx11-6 libx11-data libxau6
  libxaw7 libxcb-render0 libxcb-shm0 libxcb1 libxdmcp6 libxext6 libxft2
  libxmu6 libxpm4 libxrender1 libxt6 ttf-dejavu-core ttf-liberation ucf
  x11-common
0 upgraded, 41 newly installed, 0 to remove and 0 not upgraded.
Need to get 8115 kB of archives.
After this operation, 21.5 MB of additional disk space will be used.
Get:1 http://archive.ubuntu.com/ubuntu/ precise/main libxau6 amd64 1:1.0.6-4 [8392 B]
Get:2 http://archive.ubuntu.com/ubuntu/ precise/main libxdmcp6 amd64 1:1.1.0-4 [12.7 kB]
Get:3 http://archive.ubuntu.com/ubuntu/ precise-updates/main libxcb1 amd64 1.8.1-1ubuntu0.2 [44.8 kB]
Get:4 http://archive.ubuntu.com/ubuntu/ precise-updates/main libx11-data all 2:1.4.99.1-0ubuntu2.3 [171 kB]
Get:5 http://archive.ubuntu.com/ubuntu/ precise-updates/main libx11-6 amd64 2:1.4.99.1-0ubuntu2.3 [764 kB]
Get:6 http://archive.ubuntu.com/ubuntu/ precise-updates/main libxext6 amd64 2:1.3.0-3ubuntu0.2 [33.8 kB]
Get:7 http://archive.ubuntu.com/ubuntu/ precise-updates/main libfreetype6 amd64 2.4.8-1ubuntu2.6 [345 kB]
Get:8 http://archive.ubuntu.com/ubuntu/ precise/main ucf all 3.0025+nmu2ubuntu1 [54.4 kB]
Get:9 http://archive.ubuntu.com/ubuntu/ precise/main ttf-dejavu-core all 2.33-2ubuntu1 [1552 kB]
Get:10 http://archive.ubuntu.com/ubuntu/ precise-updates/main fontconfig-config all 2.8.0-3ubuntu9.2 [43.8 kB]
Get:11 http://archive.ubuntu.com/ubuntu/ precise-updates/main libfontconfig1 amd64 2.8.0-3ubuntu9.2 [124 kB]
Get:12 http://archive.ubuntu.com/ubuntu/ precise-updates/main libpixman-1-0 amd64 0.30.2-1ubuntu0.0.0.0.3 [256 kB]
Get:13 http://archive.ubuntu.com/ubuntu/ precise-updates/main libxcb-render0 amd64 1.8.1-1ubuntu0.2 [13.3 kB]
Get:14 http://archive.ubuntu.com/ubuntu/ precise-updates/main libxcb-shm0 amd64 1.8.1-1ubuntu0.2 [5516 B]
Get:15 http://archive.ubuntu.com/ubuntu/ precise-updates/main libxrender1 amd64 1:0.9.6-2ubuntu0.2 [20.7 kB]
Get:16 http://archive.ubuntu.com/ubuntu/ precise-updates/main libcairo2 amd64 1.10.2-6.1ubuntu3 [467 kB]
Get:17 http://archive.ubuntu.com/ubuntu/ precise/main libdatrie1 amd64 0.2.5-3 [16.4 kB]
Get:18 http://archive.ubuntu.com/ubuntu/ precise-updates/main x11-common all 1:7.6+12ubuntu2 [52.0 kB]
Get:19 http://archive.ubuntu.com/ubuntu/ precise/main libice6 amd64 2:1.0.7-2build1 [46.1 kB]
Get:20 http://archive.ubuntu.com/ubuntu/ precise-updates/main libjpeg-turbo8 amd64 1.1.90+svn733-0ubuntu4.4 [112 kB]
Get:21 http://archive.ubuntu.com/ubuntu/ precise/main libthai-data all 0.1.16-3 [179 kB]
Get:22 http://archive.ubuntu.com/ubuntu/ precise/main libthai0 amd64 0.1.16-3 [19.7 kB]
Get:23 http://archive.ubuntu.com/ubuntu/ precise/main libxft2 amd64 2.2.0-3ubuntu2 [42.3 kB]
Get:24 http://archive.ubuntu.com/ubuntu/ precise-updates/main fontconfig amd64 2.8.0-3ubuntu9.2 [155 kB]
Get:25 http://archive.ubuntu.com/ubuntu/ precise-updates/main libpango1.0-0 amd64 1.30.0-0ubuntu3.1 [363 kB]
Get:26 http://archive.ubuntu.com/ubuntu/ precise/main libsm6 amd64 2:1.2.0-2build1 [18.1 kB]
Get:27 http://archive.ubuntu.com/ubuntu/ precise-updates/main libxt6 amd64 1:1.1.1-2ubuntu0.1 [186 kB]
Get:28 http://archive.ubuntu.com/ubuntu/ precise/main libxmu6 amd64 2:1.1.0-3 [52.7 kB]
Get:29 http://archive.ubuntu.com/ubuntu/ precise-updates/main libxpm4 amd64 1:3.5.9-4ubuntu0.1 [37.1 kB]
Get:30 http://archive.ubuntu.com/ubuntu/ precise/main libxaw7 amd64 2:1.0.9-3ubuntu1 [201 kB]
Get:31 http://archive.ubuntu.com/ubuntu/ precise/main libjpeg8 amd64 8c-2ubuntu7 [2112 B]
Get:32 http://archive.ubuntu.com/ubuntu/ precise-updates/main libgd2-noxpm amd64 2.0.36~rc1~dfsg-6ubuntu2.4 [201 kB]
Get:33 http://archive.ubuntu.com/ubuntu/ precise-updates/main fonts-liberation all 1.07.0-2ubuntu0.1 [1314 kB]
Get:34 http://archive.ubuntu.com/ubuntu/ precise-updates/main libcdt4 amd64 2.26.3-10ubuntu1.2 [24.6 kB]
Get:35 http://archive.ubuntu.com/ubuntu/ precise-updates/main libcgraph5 amd64 2.26.3-10ubuntu1.2 [50.5 kB]
Get:36 http://archive.ubuntu.com/ubuntu/ precise-updates/main libgraph4 amd64 2.26.3-10ubuntu1.2 [36.0 kB]
Get:37 http://archive.ubuntu.com/ubuntu/ precise-updates/main libpathplan4 amd64 2.26.3-10ubuntu1.2 [29.4 kB]
Get:38 http://archive.ubuntu.com/ubuntu/ precise-updates/main libgvc5 amd64 2.26.3-10ubuntu1.2 [516 kB]
Get:39 http://archive.ubuntu.com/ubuntu/ precise-updates/main libgvpr1 amd64 2.26.3-10ubuntu1.2 [206 kB]
Get:40 http://archive.ubuntu.com/ubuntu/ precise-updates/main graphviz amd64 2.26.3-10ubuntu1.2 [338 kB]
Get:41 http://archive.ubuntu.com/ubuntu/ precise-updates/main ttf-liberation all 1.07.0-2ubuntu0.1 [2896 B]
[91mdebconf: delaying package configuration, since apt-utils is not installed
[0mFetched 8115 kB in 6s (1189 kB/s)
Selecting previously unselected package libxau6.
(Reading database ... 17507 files and directories currently installed.)
Unpacking libxau6 (from .../libxau6_1%3a1.0.6-4_amd64.deb) ...
Selecting previously unselected package libxdmcp6.
Unpacking libxdmcp6 (from .../libxdmcp6_1%3a1.1.0-4_amd64.deb) ...
Selecting previously unselected package libxcb1.
Unpacking libxcb1 (from .../libxcb1_1.8.1-1ubuntu0.2_amd64.deb) ...
Selecting previously unselected package libx11-data.
Unpacking libx11-data (from .../libx11-data_2%3a1.4.99.1-0ubuntu2.3_all.deb) ...
Selecting previously unselected package libx11-6.
Unpacking libx11-6 (from .../libx11-6_2%3a1.4.99.1-0ubuntu2.3_amd64.deb) ...
Selecting previously unselected package libxext6.
Unpacking libxext6 (from .../libxext6_2%3a1.3.0-3ubuntu0.2_amd64.deb) ...
Selecting previously unselected package libfreetype6.
Unpacking libfreetype6 (from .../libfreetype6_2.4.8-1ubuntu2.6_amd64.deb) ...
Selecting previously unselected package ucf.
Unpacking ucf (from .../ucf_3.0025+nmu2ubuntu1_all.deb) ...
[91mMoving old data out of the way
[0mSelecting previously unselected package ttf-dejavu-core.
Unpacking ttf-dejavu-core (from .../ttf-dejavu-core_2.33-2ubuntu1_all.deb) ...
Selecting previously unselected package fontconfig-config.
Unpacking fontconfig-config (from .../fontconfig-config_2.8.0-3ubuntu9.2_all.deb) ...
Selecting previously unselected package libfontconfig1.
Unpacking libfontconfig1 (from .../libfontconfig1_2.8.0-3ubuntu9.2_amd64.deb) ...
Selecting previously unselected package libpixman-1-0.
Unpacking libpixman-1-0 (from .../libpixman-1-0_0.30.2-1ubuntu0.0.0.0.3_amd64.deb) ...
Selecting previously unselected package libxcb-render0.
Unpacking libxcb-render0 (from .../libxcb-render0_1.8.1-1ubuntu0.2_amd64.deb) ...
Selecting previously unselected package libxcb-shm0.
Unpacking libxcb-shm0 (from .../libxcb-shm0_1.8.1-1ubuntu0.2_amd64.deb) ...
Selecting previously unselected package libxrender1.
Unpacking libxrender1 (from .../libxrender1_1%3a0.9.6-2ubuntu0.2_amd64.deb) ...
Selecting previously unselected package libcairo2.
Unpacking libcairo2 (from .../libcairo2_1.10.2-6.1ubuntu3_amd64.deb) ...
Selecting previously unselected package libdatrie1.
Unpacking libdatrie1 (from .../libdatrie1_0.2.5-3_amd64.deb) ...
Selecting previously unselected package x11-common.
Unpacking x11-common (from .../x11-common_1%3a7.6+12ubuntu2_all.deb) ...
Selecting previously unselected package libice6.
Unpacking libice6 (from .../libice6_2%3a1.0.7-2build1_amd64.deb) ...
Selecting previously unselected package libjpeg-turbo8.
Unpacking libjpeg-turbo8 (from .../libjpeg-turbo8_1.1.90+svn733-0ubuntu4.4_amd64.deb) ...
Selecting previously unselected package libthai-data.
Unpacking libthai-data (from .../libthai-data_0.1.16-3_all.deb) ...
Selecting previously unselected package libthai0.
Unpacking libthai0 (from .../libthai0_0.1.16-3_amd64.deb) ...
Selecting previously unselected package libxft2.
Unpacking libxft2 (from .../libxft2_2.2.0-3ubuntu2_amd64.deb) ...
Selecting previously unselected package fontconfig.
Unpacking fontconfig (from .../fontconfig_2.8.0-3ubuntu9.2_amd64.deb) ...
Selecting previously unselected package libpango1.0-0.
Unpacking libpango1.0-0 (from .../libpango1.0-0_1.30.0-0ubuntu3.1_amd64.deb) ...
Selecting previously unselected package libsm6.
Unpacking libsm6 (from .../libsm6_2%3a1.2.0-2build1_amd64.deb) ...
Selecting previously unselected package libxt6.
Unpacking libxt6 (from .../libxt6_1%3a1.1.1-2ubuntu0.1_amd64.deb) ...
Selecting previously unselected package libxmu6.
Unpacking libxmu6 (from .../libxmu6_2%3a1.1.0-3_amd64.deb) ...
Selecting previously unselected package libxpm4.
Unpacking libxpm4 (from .../libxpm4_1%3a3.5.9-4ubuntu0.1_amd64.deb) ...
Selecting previously unselected package libxaw7.
Unpacking libxaw7 (from .../libxaw7_2%3a1.0.9-3ubuntu1_amd64.deb) ...
Selecting previously unselected package libjpeg8.
Unpacking libjpeg8 (from .../libjpeg8_8c-2ubuntu7_amd64.deb) ...
Selecting previously unselected package libgd2-noxpm.
Unpacking libgd2-noxpm (from .../libgd2-noxpm_2.0.36~rc1~dfsg-6ubuntu2.4_amd64.deb) ...
Selecting previously unselected package fonts-liberation.
Unpacking fonts-liberation (from .../fonts-liberation_1.07.0-2ubuntu0.1_all.deb) ...
Selecting previously unselected package libcdt4.
Unpacking libcdt4 (from .../libcdt4_2.26.3-10ubuntu1.2_amd64.deb) ...
Selecting previously unselected package libcgraph5.
Unpacking libcgraph5 (from .../libcgraph5_2.26.3-10ubuntu1.2_amd64.deb) ...
Selecting previously unselected package libgraph4.
Unpacking libgraph4 (from .../libgraph4_2.26.3-10ubuntu1.2_amd64.deb) ...
Selecting previously unselected package libpathplan4.
Unpacking libpathplan4 (from .../libpathplan4_2.26.3-10ubuntu1.2_amd64.deb) ...
Selecting previously unselected package libgvc5.
Unpacking libgvc5 (from .../libgvc5_2.26.3-10ubuntu1.2_amd64.deb) ...
Selecting previously unselected package libgvpr1.
Unpacking libgvpr1 (from .../libgvpr1_2.26.3-10ubuntu1.2_amd64.deb) ...
Selecting previously unselected package graphviz.
Unpacking graphviz (from .../graphviz_2.26.3-10ubuntu1.2_amd64.deb) ...
Selecting previously unselected package ttf-liberation.
Unpacking ttf-liberation (from .../ttf-liberation_1.07.0-2ubuntu0.1_all.deb) ...
Setting up libxau6 (1:1.0.6-4) ...
Setting up libxdmcp6 (1:1.1.0-4) ...
Setting up libxcb1 (1.8.1-1ubuntu0.2) ...
Setting up libx11-data (2:1.4.99.1-0ubuntu2.3) ...
Setting up libx11-6 (2:1.4.99.1-0ubuntu2.3) ...
Setting up libxext6 (2:1.3.0-3ubuntu0.2) ...
Setting up libfreetype6 (2.4.8-1ubuntu2.6) ...
Setting up ucf (3.0025+nmu2ubuntu1) ...
Setting up ttf-dejavu-core (2.33-2ubuntu1) ...
Setting up fontconfig-config (2.8.0-3ubuntu9.2) ...
Setting up libfontconfig1 (2.8.0-3ubuntu9.2) ...
Setting up libpixman-1-0 (0.30.2-1ubuntu0.0.0.0.3) ...
Setting up libxcb-render0 (1.8.1-1ubuntu0.2) ...
Setting up libxcb-shm0 (1.8.1-1ubuntu0.2) ...
Setting up libxrender1 (1:0.9.6-2ubuntu0.2) ...
Setting up libcairo2 (1.10.2-6.1ubuntu3) ...
Setting up libdatrie1 (0.2.5-3) ...
Setting up x11-common (1:7.6+12ubuntu2) ...
[91minvoke-rc.d: policy-rc.d denied execution of start.
[0mSetting up libice6 (2:1.0.7-2build1) ...
Setting up libjpeg-turbo8 (1.1.90+svn733-0ubuntu4.4) ...
Setting up libthai-data (0.1.16-3) ...
Setting up libthai0 (0.1.16-3) ...
Setting up libxft2 (2.2.0-3ubuntu2) ...
Setting up fontconfig (2.8.0-3ubuntu9.2) ...
Cleaning up old fontconfig caches... done.
Regenerating fonts cache... done.
Setting up libpango1.0-0 (1.30.0-0ubuntu3.1) ...
Setting up libsm6 (2:1.2.0-2build1) ...
Setting up libxt6 (1:1.1.1-2ubuntu0.1) ...
Setting up libxmu6 (2:1.1.0-3) ...
Setting up libxpm4 (1:3.5.9-4ubuntu0.1) ...
Setting up libxaw7 (2:1.0.9-3ubuntu1) ...
Setting up libjpeg8 (8c-2ubuntu7) ...
Setting up libgd2-noxpm (2.0.36~rc1~dfsg-6ubuntu2.4) ...
Setting up fonts-liberation (1.07.0-2ubuntu0.1) ...
Setting up libcdt4 (2.26.3-10ubuntu1.2) ...
Setting up libcgraph5 (2.26.3-10ubuntu1.2) ...
Setting up libgraph4 (2.26.3-10ubuntu1.2) ...
Setting up libpathplan4 (2.26.3-10ubuntu1.2) ...
Setting up libgvc5 (2.26.3-10ubuntu1.2) ...
Setting up libgvpr1 (2.26.3-10ubuntu1.2) ...
Setting up graphviz (2.26.3-10ubuntu1.2) ...
Setting up ttf-liberation (1.07.0-2ubuntu0.1) ...
Processing triggers for libc-bin ...
ldconfig deferred processing now taking place
Reading package lists...
Building dependency tree...
Reading state information...
The following extra packages will be installed:
  libjasper1
Suggested packages:
  libjasper-runtime
The following NEW packages will be installed:
  libjasper-dev libjasper1
0 upgraded, 2 newly installed, 0 to remove and 0 not upgraded.
Need to get 721 kB of archives.
After this operation, 1461 kB of additional disk space will be used.
Get:1 http://archive.ubuntu.com/ubuntu/ precise-updates/main libjasper1 amd64 1.900.1-13ubuntu0.3 [155 kB]
Get:2 http://archive.ubuntu.com/ubuntu/ precise-updates/main libjasper-dev amd64 1.900.1-13ubuntu0.3 [567 kB]
[91mdebconf: delaying package configuration, since apt-utils is not installed
[0mFetched 721 kB in 0s (1436 kB/s)
Selecting previously unselected package libjasper1.
(Reading database ... 18257 files and directories currently installed.)
Unpacking libjasper1 (from .../libjasper1_1.900.1-13ubuntu0.3_amd64.deb) ...
Selecting previously unselected package libjasper-dev.
Unpacking libjasper-dev (from .../libjasper-dev_1.900.1-13ubuntu0.3_amd64.deb) ...
Setting up libjasper1 (1.900.1-13ubuntu0.3) ...
Setting up libjasper-dev (1.900.1-13ubuntu0.3) ...
Processing triggers for libc-bin ...
ldconfig deferred processing now taking place
Reading package lists...
Building dependency tree...
Reading state information...
The following NEW packages will be installed:
  python-support
0 upgraded, 1 newly installed, 0 to remove and 0 not upgraded.
Need to get 26.1 kB of archives.
After this operation, 159 kB of additional disk space will be used.
Get:1 http://archive.ubuntu.com/ubuntu/ precise/universe python-support all 1.0.14ubuntu2 [26.1 kB]
[91mdebconf: delaying package configuration, since apt-utils is not installed
[0mFetched 26.1 kB in 0s (53.7 kB/s)
Selecting previously unselected package python-support.
(Reading database ... 18290 files and directories currently installed.)
Unpacking python-support (from .../python-support_1.0.14ubuntu2_all.deb) ...
Setting up python-support (1.0.14ubuntu2) ...
Reading package lists...
Building dependency tree...
Reading state information...
The following extra packages will be installed:
  liblcms1
Suggested packages:
  liblcms-utils python-imaging-doc python-imaging-dbg
The following NEW packages will be installed:
  liblcms1 python-imaging
0 upgraded, 2 newly installed, 0 to remove and 0 not upgraded.
Need to get 400 kB of archives.
After this operation, 1256 kB of additional disk space will be used.
Get:1 http://archive.ubuntu.com/ubuntu/ precise/main liblcms1 amd64 1.19.dfsg-1ubuntu3 [106 kB]
Get:2 http://archive.ubuntu.com/ubuntu/ precise-updates/main python-imaging amd64 1.1.7-4ubuntu0.12.04.3 [294 kB]
[91mdebconf: delaying package configuration, since apt-utils is not installed
[0mFetched 400 kB in 0s (730 kB/s)
Selecting previously unselected package liblcms1.
(Reading database ... 18312 files and directories currently installed.)
Unpacking liblcms1 (from .../liblcms1_1.19.dfsg-1ubuntu3_amd64.deb) ...
Selecting previously unselected package python-imaging.
Unpacking python-imaging (from .../python-imaging_1.1.7-4ubuntu0.12.04.3_amd64.deb) ...
Setting up liblcms1 (1.19.dfsg-1ubuntu3) ...
Setting up python-imaging (1.1.7-4ubuntu0.12.04.3) ...
Processing triggers for libc-bin ...
ldconfig deferred processing now taking place
Reading package lists...
Building dependency tree...
Reading state information...
[91mE[0m[91m: [0m[91mUnable to locate package libpcl-1.7-all-dev[0m[91m
[0m[91mE[0m[91m: [0m[91mCouldn't find any package by regex 'libpcl-1.7-all-dev'[0m[91m
[0m[91mERROR: the following rosdeps failed to install[0m[91m
[0m[91m  apt: command [apt-get install -y libpcl-1.7-all-dev] failed[0m[91m
[0m[1mexecuting command [apt-get install -y libeigen3-dev][0m
[1mexecuting command [apt-get install -y libapr1-dev][0m
[1mexecuting command [apt-get install -y libaprutil1-dev][0m
[1mexecuting command [apt-get install -y graphviz][0m
[1mexecuting command [apt-get install -y libjasper-dev][0m
[1mexecuting command [apt-get install -y python-support][0m
[1mexecuting command [apt-get install -y python-imaging][0m
[1mexecuting command [apt-get install -y libpcl-1.7-all-dev][0m
The command '/bin/sh -c apt-get clean  && apt-get update  && rosdep init  && rosdep update  && rosdep install --from-paths src -i --rosdistro=${ROS_DISTRO} -y       --skip-keys="python-rosdep python-catkin-pkg python-rospkg"  && apt-get clean  && rm -rf /var/lib/apt/lists/*' returned a non-zero code: 1
